<?xml version="1.0" encoding="UTF-8"?>
<!-- Generated by org.testng.reporters.JUnitXMLReporter -->
<testsuite hostname="AhmadMalloh" name="Add_Update_DeleteAddress" tests="8" failures="1" timestamp="20 Dec 2021 20:56:00 GMT" time="271.439" errors="0">
  <testcase name="getDriver" time="7.47" classname="SanityTest.MyAccount.Add_Update_DeleteAddress"/>
  <testcase name="Login" time="5.117" classname="SanityTest.MyAccount.Add_Update_DeleteAddress"/>
  <testcase name="AddNewAddress" time="70.059" classname="SanityTest.MyAccount.Add_Update_DeleteAddress">
    <skipped/>
  </testcase> <!-- AddNewAddress -->
  <testcase name="AddNewAddress" time="60.065" classname="SanityTest.MyAccount.Add_Update_DeleteAddress">
    <skipped/>
  </testcase> <!-- AddNewAddress -->
  <testcase name="AddNewAddress" time="60.064" classname="SanityTest.MyAccount.Add_Update_DeleteAddress">
    <skipped/>
  </testcase> <!-- AddNewAddress -->
  <testcase name="AddNewAddress" time="60.046" classname="SanityTest.MyAccount.Add_Update_DeleteAddress">
    <failure type="org.openqa.selenium.NoSuchElementException" message="no such element: Unable to locate element: {&amp;quot;method&amp;quot;:&amp;quot;xpath&amp;quot;,&amp;quot;selector&amp;quot;:&amp;quot;//a[contains(@title,&amp;apos;Addresses&amp;apos;)]&amp;quot;}
  (Session info: chrome=96.0.4664.110)
For documentation on this error, please visit: https://selenium.dev/exceptions/#no_such_element
Build info: version: &amp;apos;4.0.0&amp;apos;, revision: &amp;apos;3a21814679&amp;apos;
System info: host: &amp;apos;AHMADMALLOH&amp;apos;, ip: &amp;apos;10.8.0.3&amp;apos;, os.name: &amp;apos;Windows 10&amp;apos;, os.arch: &amp;apos;amd64&amp;apos;, os.version: &amp;apos;10.0&amp;apos;, java.version: &amp;apos;1.8.0_301&amp;apos;
Driver info: org.openqa.selenium.chrome.ChromeDriver
Command: [f0d9120db9b9cb1e62c693dbf09c3202, findElement {using=xpath, value=//a[contains(@title,&amp;apos;Addresses&amp;apos;)]}]
Capabilities {acceptInsecureCerts: false, browserName: chrome, browserVersion: 96.0.4664.110, chrome: {chromedriverVersion: 96.0.4664.45 (76e4c1bb2ab46..., userDataDir: C:\Users\User\AppData\Local...}, goog:chromeOptions: {debuggerAddress: localhost:57963}, javascriptEnabled: true, networkConnectionEnabled: false, pageLoadStrategy: normal, platform: WINDOWS, platformName: WINDOWS, proxy: Proxy(), se:cdp: ws://localhost:57963/devtoo..., se:cdpVersion: 96.0.4664.110, setWindowRect: true, strictFileInteractability: false, timeouts: {implicit: 0, pageLoad: 300000, script: 30000}, unhandledPromptBehavior: dismiss and notify, webauthn:extension:credBlob: true, webauthn:extension:largeBlob: true, webauthn:virtualAuthenticators: true}
Session ID: f0d9120db9b9cb1e62c693dbf09c3202">
      <![CDATA[org.openqa.selenium.NoSuchElementException: no such element: Unable to locate element: {"method":"xpath","selector":"//a[contains(@title,'Addresses')]"}
  (Session info: chrome=96.0.4664.110)
For documentation on this error, please visit: https://selenium.dev/exceptions/#no_such_element
Build info: version: '4.0.0', revision: '3a21814679'
System info: host: 'AHMADMALLOH', ip: '10.8.0.3', os.name: 'Windows 10', os.arch: 'amd64', os.version: '10.0', java.version: '1.8.0_301'
Driver info: org.openqa.selenium.chrome.ChromeDriver
Command: [f0d9120db9b9cb1e62c693dbf09c3202, findElement {using=xpath, value=//a[contains(@title,'Addresses')]}]
Capabilities {acceptInsecureCerts: false, browserName: chrome, browserVersion: 96.0.4664.110, chrome: {chromedriverVersion: 96.0.4664.45 (76e4c1bb2ab46..., userDataDir: C:\Users\User\AppData\Local...}, goog:chromeOptions: {debuggerAddress: localhost:57963}, javascriptEnabled: true, networkConnectionEnabled: false, pageLoadStrategy: normal, platform: WINDOWS, platformName: WINDOWS, proxy: Proxy(), se:cdp: ws://localhost:57963/devtoo..., se:cdpVersion: 96.0.4664.110, setWindowRect: true, strictFileInteractability: false, timeouts: {implicit: 0, pageLoad: 300000, script: 30000}, unhandledPromptBehavior: dismiss and notify, webauthn:extension:credBlob: true, webauthn:extension:largeBlob: true, webauthn:virtualAuthenticators: true}
Session ID: f0d9120db9b9cb1e62c693dbf09c3202
	at org.openqa.selenium.remote.codec.w3c.W3CHttpResponseCodec.createException(W3CHttpResponseCodec.java:200)
	at org.openqa.selenium.remote.codec.w3c.W3CHttpResponseCodec.decode(W3CHttpResponseCodec.java:133)
	at org.openqa.selenium.remote.codec.w3c.W3CHttpResponseCodec.decode(W3CHttpResponseCodec.java:53)
	at org.openqa.selenium.remote.HttpCommandExecutor.execute(HttpCommandExecutor.java:184)
	at org.openqa.selenium.remote.service.DriverCommandExecutor.invokeExecute(DriverCommandExecutor.java:164)
	at org.openqa.selenium.remote.service.DriverCommandExecutor.execute(DriverCommandExecutor.java:139)
	at org.openqa.selenium.remote.RemoteWebDriver.execute(RemoteWebDriver.java:559)
	at org.openqa.selenium.remote.ElementLocation$ElementFinder$2.findElement(ElementLocation.java:162)
	at org.openqa.selenium.remote.ElementLocation.findElement(ElementLocation.java:60)
	at org.openqa.selenium.remote.RemoteWebDriver.findElement(RemoteWebDriver.java:383)
	at org.openqa.selenium.remote.RemoteWebDriver.findElement(RemoteWebDriver.java:375)
	at Configration.ConfigData.ClickOnBy_Xpath(ConfigData.java:107)
	at PageObjectModel.MyAccount.Add_Update_DeleteAddress_PO.Open_MyAddress(Add_Update_DeleteAddress_PO.java:49)
	at SanityTest.MyAccount.Add_Update_DeleteAddress.AddNewAddress(Add_Update_DeleteAddress.java:51)
... Removed 28 stack frames]]>
    </failure>
  </testcase> <!-- AddNewAddress -->
  <testcase name="UpdateAddress" time="0.0" classname="SanityTest.MyAccount.Add_Update_DeleteAddress">
    <skipped/>
  </testcase> <!-- UpdateAddress -->
  <testcase name="DeleteAddress" time="0.0" classname="SanityTest.MyAccount.Add_Update_DeleteAddress">
    <skipped/>
  </testcase> <!-- DeleteAddress -->
</testsuite> <!-- Add_Update_DeleteAddress -->
