<?xml version="1.0" encoding="UTF-8"?>
<!-- Generated by org.testng.reporters.JUnitXMLReporter -->
<testsuite hostname="AhmadMalloh" name="My_Wishlists" tests="9" failures="1" timestamp="10 Dec 2021 19:02:46 GMT" time="243.242" errors="0">
  <testcase name="Login" time="60.044" classname="SanityTest.MyAccount.My_Wishlists">
    <skipped/>
  </testcase> <!-- Login -->
  <testcase name="Login" time="60.045" classname="SanityTest.MyAccount.My_Wishlists">
    <skipped/>
  </testcase> <!-- Login -->
  <testcase name="Login" time="60.016" classname="SanityTest.MyAccount.My_Wishlists">
    <skipped/>
  </testcase> <!-- Login -->
  <testcase name="Login" time="60.07" classname="SanityTest.MyAccount.My_Wishlists">
    <failure type="org.openqa.selenium.NoSuchElementException" message="no such element: Unable to locate element: {&amp;quot;method&amp;quot;:&amp;quot;xpath&amp;quot;,&amp;quot;selector&amp;quot;:&amp;quot;//a[contains(@class,&amp;apos;login&amp;apos;)]&amp;quot;}
  (Session info: chrome=96.0.4664.93)
For documentation on this error, please visit: https://selenium.dev/exceptions/#no_such_element
Build info: version: &amp;apos;4.0.0&amp;apos;, revision: &amp;apos;3a21814679&amp;apos;
System info: host: &amp;apos;AHMADMALLOH&amp;apos;, ip: &amp;apos;192.168.100.20&amp;apos;, os.name: &amp;apos;Windows 10&amp;apos;, os.arch: &amp;apos;amd64&amp;apos;, os.version: &amp;apos;10.0&amp;apos;, java.version: &amp;apos;1.8.0_301&amp;apos;
Driver info: org.openqa.selenium.chrome.ChromeDriver
Command: [0d53b524142c5191270abeceb9a55b20, findElement {using=xpath, value=//a[contains(@class,&amp;apos;login&amp;apos;)]}]
Capabilities {acceptInsecureCerts: false, browserName: chrome, browserVersion: 96.0.4664.93, chrome: {chromedriverVersion: 96.0.4664.45 (76e4c1bb2ab46..., userDataDir: C:\Users\User\AppData\Local...}, goog:chromeOptions: {debuggerAddress: localhost:52855}, javascriptEnabled: true, networkConnectionEnabled: false, pageLoadStrategy: normal, platform: WINDOWS, platformName: WINDOWS, proxy: Proxy(), se:cdp: ws://localhost:52855/devtoo..., se:cdpVersion: 96.0.4664.93, setWindowRect: true, strictFileInteractability: false, timeouts: {implicit: 0, pageLoad: 300000, script: 30000}, unhandledPromptBehavior: dismiss and notify, webauthn:extension:credBlob: true, webauthn:extension:largeBlob: true, webauthn:virtualAuthenticators: true}
Session ID: 0d53b524142c5191270abeceb9a55b20">
      <![CDATA[org.openqa.selenium.NoSuchElementException: no such element: Unable to locate element: {"method":"xpath","selector":"//a[contains(@class,'login')]"}
  (Session info: chrome=96.0.4664.93)
For documentation on this error, please visit: https://selenium.dev/exceptions/#no_such_element
Build info: version: '4.0.0', revision: '3a21814679'
System info: host: 'AHMADMALLOH', ip: '192.168.100.20', os.name: 'Windows 10', os.arch: 'amd64', os.version: '10.0', java.version: '1.8.0_301'
Driver info: org.openqa.selenium.chrome.ChromeDriver
Command: [0d53b524142c5191270abeceb9a55b20, findElement {using=xpath, value=//a[contains(@class,'login')]}]
Capabilities {acceptInsecureCerts: false, browserName: chrome, browserVersion: 96.0.4664.93, chrome: {chromedriverVersion: 96.0.4664.45 (76e4c1bb2ab46..., userDataDir: C:\Users\User\AppData\Local...}, goog:chromeOptions: {debuggerAddress: localhost:52855}, javascriptEnabled: true, networkConnectionEnabled: false, pageLoadStrategy: normal, platform: WINDOWS, platformName: WINDOWS, proxy: Proxy(), se:cdp: ws://localhost:52855/devtoo..., se:cdpVersion: 96.0.4664.93, setWindowRect: true, strictFileInteractability: false, timeouts: {implicit: 0, pageLoad: 300000, script: 30000}, unhandledPromptBehavior: dismiss and notify, webauthn:extension:credBlob: true, webauthn:extension:largeBlob: true, webauthn:virtualAuthenticators: true}
Session ID: 0d53b524142c5191270abeceb9a55b20
	at org.openqa.selenium.remote.codec.w3c.W3CHttpResponseCodec.createException(W3CHttpResponseCodec.java:200)
	at org.openqa.selenium.remote.codec.w3c.W3CHttpResponseCodec.decode(W3CHttpResponseCodec.java:133)
	at org.openqa.selenium.remote.codec.w3c.W3CHttpResponseCodec.decode(W3CHttpResponseCodec.java:53)
	at org.openqa.selenium.remote.HttpCommandExecutor.execute(HttpCommandExecutor.java:184)
	at org.openqa.selenium.remote.service.DriverCommandExecutor.invokeExecute(DriverCommandExecutor.java:164)
	at org.openqa.selenium.remote.service.DriverCommandExecutor.execute(DriverCommandExecutor.java:139)
	at org.openqa.selenium.remote.RemoteWebDriver.execute(RemoteWebDriver.java:559)
	at org.openqa.selenium.remote.ElementLocation$ElementFinder$2.findElement(ElementLocation.java:162)
	at org.openqa.selenium.remote.ElementLocation.findElement(ElementLocation.java:60)
	at org.openqa.selenium.remote.RemoteWebDriver.findElement(RemoteWebDriver.java:383)
	at org.openqa.selenium.remote.RemoteWebDriver.findElement(RemoteWebDriver.java:375)
	at Configration.ConfigData.ClickOnBy_Xpath(ConfigData.java:97)
	at PageObjectModel.MyAccount.Add_Update_DeleteAddress_PO.ClickOnSignin(Add_Update_DeleteAddress_PO.java:23)
	at SanityTest.MyAccount.My_Wishlists.Login(My_Wishlists.java:41)
... Removed 27 stack frames]]>
    </failure>
  </testcase> <!-- Login -->
  <testcase name="Create_Wishlist" time="0.0" classname="SanityTest.MyAccount.My_Wishlists">
    <skipped/>
  </testcase> <!-- Create_Wishlist -->
  <testcase name="AddProduct_toWishlist" time="0.0" classname="SanityTest.MyAccount.My_Wishlists">
    <skipped/>
  </testcase> <!-- AddProduct_toWishlist -->
  <testcase name="SendWithlist_toFriend" time="0.0" classname="SanityTest.MyAccount.My_Wishlists">
    <skipped/>
  </testcase> <!-- SendWithlist_toFriend -->
  <testcase name="EditProduct_atWishlist" time="0.0" classname="SanityTest.MyAccount.My_Wishlists">
    <skipped/>
  </testcase> <!-- EditProduct_atWishlist -->
  <testcase name="Delete_Wishlist" time="0.0" classname="SanityTest.MyAccount.My_Wishlists">
    <skipped/>
  </testcase> <!-- Delete_Wishlist -->
</testsuite> <!-- My_Wishlists -->
